
> Post-Comments-and-Buttons@1.0.0 start /mnt/c/Users/hongk/Desktop/hackreactor/front-end capstone/Post-Comments-and-Buttons
> nodemon server/index.js

[33m[nodemon] 2.0.2[39m
[33m[nodemon] to restart at any time, enter `rs`[39m
[33m[nodemon] watching dir(s): *.*[39m
[33m[nodemon] watching extensions: js,mjs,json[39m
[32m[nodemon] starting `node server/index.js`[39m
events.js:183
      throw er; // Unhandled 'error' event
      ^

Error: EBADF: bad file descriptor, read
npm ERR! code ELIFECYCLE
npm ERR! errno 1
npm ERR! Post-Comments-and-Buttons@1.0.0 start: `nodemon server/index.js`
npm ERR! Exit status 1
npm ERR! 
npm ERR! Failed at the Post-Comments-and-Buttons@1.0.0 start script.
npm ERR! This is probably not a problem with npm. There is likely additional logging output above.

npm ERR! A complete log of this run can be found in:
npm ERR!     /home/kin/.npm/_logs/2020-02-10T05_06_09_388Z-debug.log
